1.2130919250012084
1.0566326049993222
1.0295696329994826
1.1206805700003315
1.134352201999718
0.6149688040004548
1.021865885999432
2.0656479469998885
0.02340262699908635
2.10776458699911
2.286298306999015
0.07861647100071423
0.10970307499883347
3.3073286010003358
0.062417511999228736
4.75838588499937
3.9515955450006004
4.145262512000045
3.4394978220007033
4.70604914499927
4.713936242000273
4.041970082000262
4.797613493999961
4.86954440000045
4.439424457001223
4.800471656000809
4.427751537999939
4.149251736000224
3.3649765650006884
4.589504515999579
4.218822310998803
4.987502522999421
3.117549954000424
3.4614983089995803
4.419815061999543
5.1320915009982855
4.997972064000351
2.9943006920002517
3.858934328000032
0.098793391000072
3.3311005760006083
3.8521186350008065
2.7442180160014686
4.705910118000247
4.541986662999989
0.13441711500126985
0.1969606050006405
2.146256871999867
0.0815528049988643
0.11881472400091297
0.14739439899858553
0.24720549099947675
0.2497496369996952
0.266683648000253
0.0896689189994504
0.19805173799977638
0.38977308599896787
0.6519319910003105
0.6887132240008214
0.4692583089999971
0.6096035909995408
0.536061470000277
0.5417736050003441
0.2630139989996678
0.24593690099936794
0.3044384929999069
0.26856953499918745
0.1434348550010327
0.1677152180000121
0.14544628099974943
0.17307151800014253
0.11164353999993182
0.17730046399992716
0.1639172180002788
0.16890841299937165
0.24271669199879398
0.24483680599951185
0.05154209499960416
0.09584589800033427
0.1363661890009098
0.17113357499874837
0.15696594799919694
0.20993338799962658
0.02045044899932691
1.5117574039995816
1.7277925630005484
1.5958181400001195
2.185588308999286
2.4831796979997307
0.032165045999136055
0.8736349779992452
3.037507923998419
2.683727607000037
1.6797439669990126
2.2096333999998024
1.508267399000033
2.794374103001246
2.952719495000565
1.9837668639993353
0.03373442399970372
2.2043460679997224
2.6193502240003
1.7192590369995742
2.2230955000013637
2.4993608869990567
2.789397280999765
3.6436224810004205
2.703559248999227
0.03236452200144413
2.193765190000704
4.485931261000587
4.39194158600003
3.638009812999371
3.3679299180003
2.8112932370004273
3.6674461559996416
4.4115301219990215
3.357161220999842
3.5060809179994976
1.9929279459993268
1.9645045639990713
3.8214437879996694
1.9906989459996112
3.259195610000461
2.1352522439992754
2.104210722998687
0.033588551999855554
1.2009720360001666
0.09738135000043258
0.12538800699985586
0.11393855399910535
0.20442630700017617
0.18128868299936585
0.05798790900007589
0.14988002800055256
0.2802998179995484
0.32848407799974666
0.17197795799984306
0.45200831500005734
0.07431010399886873
0.2981379739994736
0.588542312001664
0.5669705780001095
0.12330174900125712
0.3370070270011638
0.13360276200000953
0.10735570900033053
0.16346458599946345
0.11773023000023386
0.7196717980004905
0.8482395869996253
0.6972201919998042
0.15227509699980146
0.11208725100004813
0.055336007000732934
0.0888413100001344
0.16965504200015857
0.23926001699874178
0.1490366020007059
0.2035279840001749
0.3022962049999478
0.4572264329999598
0.37785793600050965
0.08517544099959196
0.4530787309995503
0.4358081800000946
0.39343872600147733
0.09545932800028822
0.08946240300065256
0.2439072170000145
0.17538095100098872
0.14907016700090026
0.1675929199991515
0.22363517099984165
0.2969647139998415
0.13181699699998717
0.19065407900052378
0.037149609001062345
0.07141643999966618
0.08917084799941222
1.576894743999219
0.3325937959998555
2.580791294998562
0.05136865399981616
0.6328270109988807
0.036456420999456896
0.07949238999935915
0.07024451299912471
0.05556233100105601
0.02450700100052927
0.04150304600079835
0.10970753400033573
1.100482825000654
1.5220216550005716
1.5804671730002156
1.485712280998996
0.04357917000015732
0.9639048139997612
0.03784172099949501
0.024758382000072743
0.03701168800034793
0.10704375999921467
0.05240819499886129
1.9378177930011589
0.07565816399983305
2.68036611000025
0.268729113999143
0.2918579269990005
2.2532124429999385
2.4806008609994024
0.09957364399997459
1.7194814499998756
2.020193181999275
1.575404429999253
3.018379802999334
0.34058355999877676
3.2673201659999904
2.0595062550000875
1.5343271040001127
1.5277066960006778
2.7496286719997443
2.9375093809994723
2.8142657190001046
2.706561150000198
2.550760406000336
1.2738635269997758
0.19883685800050444
2.560449860000517
2.8404011799993896
3.0835893339990434
3.4048166150005272
1.400778260000152
0.14228623300004983
2.779736762999164
0.11349953900025866
0.18458042000020214
3.536638559000494
2.5015119439995033
0.13072340099824942
0.18199914499928127
0.172881006001262
0.2185842210001283
0.09801866699854145
0.3331171709996852
0.09282641699974192
0.3854551989988977
0.2951641870004096
0.10291520299870172
0.23217260999990685
0.30771275400002196
0.10081232799893769
0.4377490070000931
0.08116760600023554
0.38527701800012437
0.465631934999692
0.31881515699933516
0.1616522510012146
0.13789425200047845
0.2843957949989999
0.14669904800030054
0.18586961700020765
0.12790955499986012
0.18513045599866018
0.09050855999885243
0.19028082600016205
0.1404154700012441
0.14168289199915307
0.2064859999991313
0.19582521300071676
0.09808886799874017
0.42509440800131415
0.13110762699943734
0.0902823910000734
0.08431417599967972
0.1446112630001153
0.18686318100117205
0.16428764200099977
0.11240228600036062
0.2369941060005658
0.23552593299973523
0.12864866699965205
0.3231441709995124
0.25434708499960834
0.2444734660002723
0.26083378400107904
0.24402587600161496
0.22716586200112943
0.6072331659997872
0.4733061759998236
0.4469160010012274
0.6289089980000426
0.5740071039999748
0.02997492299982696
0.07624729700000898
0.19331251800031168
0.07546026799900574
0.10448811700189253
0.031947360999765806
0.03487350299837999
0.06824835799852735
0.6921414280004683
0.18039064799813787
0.024422645001322962
0.05074747400067281
0.0785082029979094
0.09755713000049582
0.1419486960003269
0.1158554709982127
0.13802848100021947
0.13661664000028395
0.15819845299847657
0.16000649299894576
0.30915664099666174
0.40196838400152046
0.48715265299688326
0.49941510899952846
0.39766191800299566
0.5966554650003673
0.43175904800227727
0.41563073200086365
0.4063273210012994
0.5149460760003421
0.2396929429996817
0.4042855560001044
0.21905397400041693
0.04247046299860813
0.3941557859980094
0.5454277229982836
0.2522186429996509
0.20792660099687055
0.37145352700099465
0.49880945299810264
0.77137784200022
0.16685173400037456
0.31272028400053387
0.23095531599756214
0.22311965100016096
0.22497923400078434
0.5827645339995797
0.29836123299901374
0.22159943600127008
0.4932802229996014
0.5255374059997848
0.4448291699991387
0.46471804899920244
0.5293870810019143
0.2624211920010566
0.1395923540003423
0.09496448599747964
0.1909675739989325
0.14178038500176626
0.30296696099685505
0.10550461699676816
0.21060163999936776
0.4314596380027069
0.34625918099845876
0.3539830930021708
0.15202681300070253
0.5384866550011793
0.26642996999726165
0.29690287400080706
0.21178627799963579
0.2745293320003839
0.10945689999789465
0.16677772299954086
0.20915251699989312
0.1773628440023458
0.18298854000022402
0.024879475000489037
0.35777293299906887
0.2994275739984005
0.326907033999305
0.29756822800118243
0.19180910399882123
0.3357357419990876
0.3840029750026588
0.4775371589967108
0.18061169999782578
0.13162399500288302
0.15959425999972154
0.10916254100084188
0.0674165839991474
0.20339477699963027
0.316381201002514
0.23958437300098012
0.16718099500212702
0.3895919220012729
0.5173357790008595
0.29818199599685613
0.3154683009997825
0.4539693869992334
0.5311205629986944
0.4614960759972746
0.6176335979980649
0.563033540998731
0.32424512800207594
0.2656050379991939
0.11555662599857897
0.186931354997796
0.35961210199820925
0.13338415699763573
0.1561446050000086
0.21708917100113467
0.3501591730018845
0.1930740079988027
0.29467035100242356
0.26862815499771386
0.16194741100116516
0.2335121430005529
0.2016837100018165
0.1742901379984687
0.15356473999781883
0.1014847539991024
0.30308836000040174
0.35373760199945536
0.32751473499956774
0.4154071209995891
0.14706148200275493
0.2931629270024132
0.17677628000092227
0.4330420000005688
0.731152115000441
